Arguments: 
  /usr/bin/node /usr/share/yarn/bin/yarn.js add express

PATH: 
  /usr/local/bin:/usr/bin:/bin:/usr/games:/snap/bin:/home/suporte/Android/Sdk/emulator:/home/suporte/Android/Sdk/tools:/home/suporte/Android/Sdk/tools/bin:/home/suporte/Android/Sdk/platform-tools:/home/suporte/Android/Sdk/emulator:/home/suporte/Android/Sdk/tools:/home/suporte/Android/Sdk/tools/bin:/home/suporte/Android/Sdk/platform-tools

Yarn version: 
  1.21.1

Node version: 
  8.10.0

Platform: 
  linux x64

Trace: 
  Error: EACCES: permission denied, mkdir '/home/suporte/debugvscode/node_modules/accepts'

npm manifest: 
  {
    "name": "debugvscode",
    "version": "1.0.0",
    "description": "",
    "main": "index.js",
    "scripts": {
      "test": "echo \"Error: no test specified\" && exit 1"
    },
    "keywords": [],
    "author": "",
    "license": "ISC",
    "devDependencies": {
      "nodemon": "^2.0.2",
      "sucrase": "^3.12.1"
    }
  }

yarn manifest: 
  No manifest

Lockfile: 
  No lockfile
